<?xml version="1.0" encoding="UTF-8"?><?xml-model href="http://www.tei-c.org/release/xml/tei/custom/schema/relaxng/tei_all.rng" type="application/xml" schematypens="http://relaxng.org/ns/structure/1.0"?><?xml-model href="http://www.tei-c.org/release/xml/tei/custom/schema/relaxng/tei_all.rng" type="application/xml"
	schematypens="http://purl.oclc.org/dsdl/schematron"?><TEI xmlns="http://www.tei-c.org/ns/1.0"><teiHeader><fileDesc><titleStmt><title>Title</title></titleStmt><publicationStmt><p>Publication Information</p></publicationStmt><sourceDesc><p>Information about the source</p></sourceDesc></fileDesc></teiHeader><text><body><head><w>Das</w><seg type="ws" xml:space="preserve"> </seg><fw type="catch" mode="ignore">Kustode</fw><pb mode="inline"/><fw mode="ignore">Kolumnentitel</fw><w>ist</w><seg type="ws" xml:space="preserve"> </seg><w>die</w><seg type="ws" xml:space="preserve"> </seg><w>Über</w><hi mode="inline"><w>schr</w></hi><w>ift</w><pc>.</pc></head><p><w>Mit</w><seg type="ws" xml:space="preserve"> </seg><w>oder</w><seg type="ws" xml:space="preserve"> </seg><w>ohne</w><seg type="ws" xml:space="preserve"> </seg><w>Zeilen</w><lb type="s" break="no" mode="inline"/><w>umbrüchen</w></p><p><w>Ein</w><seg type="ws" xml:space="preserve"> </seg><hi mode="inline"><w>kleiner</w><seg type="ws" xml:space="preserve"> </seg></hi><w>Absatz</w><pc>.</pc></p><p><w>Some</w><seg type="ws" xml:space="preserve"> </seg><lb/><w>quite</w><lb/><w>longtext</w><lb/><w>here</w><pc>.</pc></p><p><w>Hier</w><seg type="ws" xml:space="preserve"> </seg><w>ein</w><seg type="ws" xml:space="preserve"> </seg><w>paar</w><seg type="ws" xml:space="preserve"> </seg><w>in</w><hi mode="inline"><w>li</w></hi><w>ne</w><pc>-</pc><seg mode="inline"><w>Elemente</w></seg><pc>.</pc></p><p><hi mode="inline"><w>ACDH</w></hi><pc>-</pc><hi mode="inline"><hi mode="inline"><w>O</w></hi><w>EAW</w></hi></p><p><w>Ein</w><seg type="ws" xml:space="preserve"> </seg><w>Lexikoneintrag</w><seg type="ws" xml:space="preserve"> </seg><w>mit</w><seg type="ws" xml:space="preserve"> </seg><w>blanks</w><seg type="ws" xml:space="preserve"> </seg><w>A</w><seg type="ws" xml:space="preserve"> </seg><w>B</w><seg type="ws" xml:space="preserve"> </seg><w>C</w><seg type="ws" xml:space="preserve"> </seg><w>D</w><seg type="ws" xml:space="preserve"> </seg><w>E</w><pc>.</pc></p><p><w>Und</w><seg type="ws" xml:space="preserve"> </seg><hi mode="inline"><w>kleine</w><seg type="ws" xml:space="preserve"> </seg><w>Abkürzungen</w></hi><pc>:</pc><seg type="ws" xml:space="preserve"> </seg><w>Am</w><seg type="ws" xml:space="preserve"> </seg><hi mode="inline"><w>Haupt</w></hi><w>bhf</w><pc>.</pc><seg type="ws" xml:space="preserve"> </seg><w>fährt</w><seg type="ws" xml:space="preserve"> </seg><hi mode="inline"><w>man</w></hi><seg type="ws" xml:space="preserve"> </seg><w>von</w><seg type="ws" xml:space="preserve"> </seg><hi mode="inline"><w>O</w><pc>-</pc></hi><w>W</w><pc>.</pc></p><p><w>Und</w><seg type="ws" xml:space="preserve"> </seg><w>da</w><seg type="ws" xml:space="preserve"> </seg><w>noch</w><seg type="ws" xml:space="preserve"> </seg><w>einer</w><pc>,</pc><seg type="ws" xml:space="preserve"> </seg><lb/><w>der</w><seg type="ws" xml:space="preserve"> </seg><w>von</w><seg type="ws" xml:space="preserve"> </seg><w>einer</w><seg type="ws" xml:space="preserve"> </seg><lb/><w>Gra</w><lb break="no" mode="inline"/><figure mode="float"><p><w>Das</w><seg type="ws" xml:space="preserve"> </seg><w>ist</w><seg type="ws" xml:space="preserve"> </seg><w>ein</w><seg type="ws" xml:space="preserve"> </seg><w>Text</w><lb break="no" mode="inline"/><w>baustein</w><pc>,</pc><seg type="ws" xml:space="preserve"> </seg><w>der</w><seg type="ws" xml:space="preserve"> </seg><w>tokenisiert</w><seg type="ws" xml:space="preserve"> </seg><w>werden</w><seg type="ws" xml:space="preserve"> </seg><w>soll</w><pc>.</pc></p></figure><w>fik</w><seg type="ws" xml:space="preserve"> </seg><w>unterbrochen</w><seg type="ws" xml:space="preserve"> </seg><w>wird</w><pc>.</pc></p><p><w>Fußnoten</w><seg type="ws" xml:space="preserve"> </seg><w>sind</w><seg type="ws" xml:space="preserve"> </seg><w>gemein</w><seg type="ws" xml:space="preserve"> </seg><w>und</w><seg type="ws" xml:space="preserve"> </seg><w>sollen</w><seg type="ws" xml:space="preserve"> </seg><w>nicht</w><note place="below" mode="ignore">Wirklich nicht!!</note><seg type="ws" xml:space="preserve"> </seg><w>tokenisiert</w><seg type="ws" xml:space="preserve"> </seg><w>w</w><hi mode="inline"><w>er</w></hi><w>den</w><pc>.</pc></p></body></text></TEI>