<?xml version="1.0" encoding="UTF-8"?>
<?xml-model href="http://www.tei-c.org/release/xml/tei/custom/schema/relaxng/tei_all.rng" type="application/xml" schematypens="http://relaxng.org/ns/structure/1.0"?>
<?xml-model href="http://www.tei-c.org/release/xml/tei/custom/schema/relaxng/tei_all.rng" type="application/xml"
	schematypens="http://purl.oclc.org/dsdl/schematron"?>
<TEI xmlns="http://www.tei-c.org/ns/1.0">
   <teiHeader>
      <fileDesc>
         <titleStmt>
            <title>Title</title>
         </titleStmt>
         <publicationStmt>
            <p>Publication Information</p>
         </publicationStmt>
         <sourceDesc>
            <p>Information about the source</p>
         </sourceDesc>
      </fileDesc>
   </teiHeader>
   <text>
      <body>
         <head>
            <w xml:id="d3e18">Das</w>
            <seg xml:id="d3e20" type="ws" xml:space="preserve"> </seg>
            <fw type="catch">Kustode</fw>
            <pb/>
            <fw>Kolumnentitel</fw>
            <w xml:id="d3e27">ist</w>
            <seg xml:id="d3e29" type="ws" xml:space="preserve"> </seg>
            <w xml:id="d3e31">die</w>
            <seg xml:id="d3e33" type="ws" xml:space="preserve"> </seg>
            <w xml:id="d3e35" part="I" next="#d3e38">Über</w>
            <hi>
               <w xml:id="d3e38" part="M" prev="#d3e35" next="#d3e41">schr</w>
            </hi>
            <w xml:id="d3e41" part="F" prev="#d3e38">ift</w>
            <pc xml:id="d3e43">.</pc>
         </head>
         <p>
            <w xml:id="d3e46">Mit</w>
            <seg xml:id="d3e48" type="ws" xml:space="preserve"> </seg>
            <w xml:id="d3e50">oder</w>
            <seg xml:id="d3e52" type="ws" xml:space="preserve"> </seg>
            <w xml:id="d3e54">ohne</w>
            <seg xml:id="d3e56" type="ws" xml:space="preserve"> </seg>
            <w xml:id="d3e58" part="I" next="#d3e61">Zeilen</w>
            <lb type="s" break="no"/>
            <w xml:id="d3e61" part="F" prev="#d3e58">umbrüchen</w>
         </p>
         <p>
            <w xml:id="d3e64">Ein</w>
            <seg xml:id="d3e66" type="ws" xml:space="preserve"> </seg>
            <hi>
               <w xml:id="d3e69">kleiner</w>
               <seg xml:id="d3e71" type="ws" xml:space="preserve"> </seg>
            </hi>
            <w xml:id="d3e73">Absatz</w>
            <pc xml:id="d3e75">.</pc>
         </p>
         <p>
            <w xml:id="d3e78">Some</w>
            <seg xml:id="d3e80" type="ws" xml:space="preserve"> </seg>
            <lb/>
            <w xml:id="d3e83">quite</w>
            <lb/>
            <w xml:id="d3e86">longtext</w>
            <lb/>
            <w xml:id="d3e89">here</w>
            <pc xml:id="d3e91">.</pc>
         </p>
         <p>
            <w xml:id="d3e94">Hier</w>
            <seg xml:id="d3e96" type="ws" xml:space="preserve"> </seg>
            <w xml:id="d3e98">ein</w>
            <seg xml:id="d3e100" type="ws" xml:space="preserve"> </seg>
            <w xml:id="d3e102">paar</w>
            <seg xml:id="d3e104" type="ws" xml:space="preserve"> </seg>
            <w xml:id="d3e106" part="I" next="#d3e109">in</w>
            <hi>
               <w xml:id="d3e109" part="M" prev="#d3e106" next="#d3e111">li</w>
            </hi>
            <w xml:id="d3e111" part="F" prev="#d3e109">ne</w>
            <pc xml:id="d3e113">-</pc>
            <seg>
               <w xml:id="d3e116">Elemente</w>
            </seg>
            <pc xml:id="d3e119">.</pc>
         </p>
         <p>
            <hi>
               <w xml:id="d3e123" part="I" next="#d3e125">ACDH</w>
            </hi>
            <pc xml:id="d3e125" part="M" next="#d3e129" prev="#d3e123">-</pc>
            <hi>
               <hi>
                  <w xml:id="d3e129" part="M" next="#d3e131">O</w>
               </hi>
               <w xml:id="d3e131" part="F" prev="#d3e129">EAW</w>
            </hi>
         </p>
         <p>
            <w xml:id="d3e134">Ein</w>
            <seg xml:id="d3e136" type="ws" xml:space="preserve"> </seg>
            <w xml:id="d3e138">Lexikoneintrag</w>
            <seg xml:id="d3e140" type="ws" xml:space="preserve"> </seg>
            <w xml:id="d3e142">mit</w>
            <seg xml:id="d3e144" type="ws" xml:space="preserve"> </seg>
            <w xml:id="d3e146">blanks</w>
            <seg xml:id="d3e148" type="ws" xml:space="preserve"> </seg>
            <w xml:id="d3e150" part="I" next="#d3e152">A</w>
            <seg xml:id="d3e152" prev="#d3e150" next="#d3e154" part="M" type="ws" xml:space="preserve"> </seg>
            <w xml:id="d3e154" part="M" next="#d3e157" prev="#d3e150">B</w>
            <seg xml:id="d3e157" part="M" next="#d3e159" prev="#d3e150" type="ws" xml:space="preserve"> </seg>
            <w xml:id="d3e159" part="F" prev="#d3e150">C</w>
            <seg xml:id="d3e161" type="ws" xml:space="preserve"> </seg>
            <w xml:id="d3e163">D</w>
            <seg xml:id="d3e165" type="ws" xml:space="preserve"> </seg>
            <w xml:id="d3e167">E</w>
            <pc xml:id="d3e169">.</pc>
         </p>
         <p>
            <w xml:id="d3e172">Und</w>
            <seg xml:id="d3e174" type="ws" xml:space="preserve"> </seg>
            <hi>
               <w xml:id="d3e177">kleine</w>
               <seg xml:id="d3e179" type="ws" xml:space="preserve"> </seg>
               <w xml:id="d3e181">Abkürzungen</w>
            </hi>
            <pc xml:id="d3e183">:</pc>
            <seg xml:id="d3e185" type="ws" xml:space="preserve"> </seg>
            <w xml:id="d3e187">Am</w>
            <seg xml:id="d3e189" type="ws" xml:space="preserve"> </seg>
            <hi>
               <w xml:id="d3e192" part="I" next="#d3e194">Haupt</w>
            </hi>
            <w xml:id="d3e194" part="M" prev="#d3e192">bhf</w>
            <pc xml:id="d3e196" part="F" prev="#d3e194">.</pc>
            <seg xml:id="d3e198" type="ws" xml:space="preserve"> </seg>
            <w xml:id="d3e201">fährt</w>
            <seg xml:id="d3e203" type="ws" xml:space="preserve"> </seg>
            <hi>
               <w xml:id="d3e206">man</w>
            </hi>
            <seg xml:id="d3e208" type="ws" xml:space="preserve"> </seg>
            <w xml:id="d3e210">von</w>
            <seg xml:id="d3e212" type="ws" xml:space="preserve"> </seg>
            <hi>
               <w xml:id="d3e215" part="I" next="#d3e217">O</w>
               <pc xml:id="d3e217" part="M" next="#d3e219" prev="#d3e215">-</pc>
            </hi>
            <w xml:id="d3e219" part="F" prev="#d3e215">W</w>
            <pc xml:id="d3e221">.</pc>
         </p>
         <p>
            <w xml:id="d3e224">Und</w>
            <seg xml:id="d3e226" type="ws" xml:space="preserve"> </seg>
            <w xml:id="d3e228">da</w>
            <seg xml:id="d3e230" type="ws" xml:space="preserve"> </seg>
            <w xml:id="d3e232">noch</w>
            <seg xml:id="d3e234" type="ws" xml:space="preserve"> </seg>
            <w xml:id="d3e236">einer</w>
            <pc xml:id="d3e238">,</pc>
            <seg xml:id="d3e240" type="ws" xml:space="preserve"> </seg>
            <lb/>
            <w xml:id="d3e243">der</w>
            <seg xml:id="d3e246" type="ws" xml:space="preserve"> </seg>
            <w xml:id="d3e248">von</w>
            <seg xml:id="d3e250" type="ws" xml:space="preserve"> </seg>
            <w xml:id="d3e252">einer</w>
            <seg xml:id="d3e254" type="ws" xml:space="preserve"> </seg>
            <lb/>
            <w xml:id="d3e257" part="I" next="#d3e300">Gra</w>
            <lb break="no"/>
            <figure>
               <p>
                  <w xml:id="d3e262">Das</w>
                  <seg xml:id="d3e264" type="ws" xml:space="preserve"> </seg>
                  <w xml:id="d3e266">ist</w>
                  <seg xml:id="d3e268" type="ws" xml:space="preserve"> </seg>
                  <w xml:id="d3e270">ein</w>
                  <seg xml:id="d3e272" type="ws" xml:space="preserve"> </seg>
                  <w xml:id="d3e274" part="I" next="#d3e277">Text</w>
                  <lb break="no"/>
                  <w xml:id="d3e277" part="F" prev="#d3e274">baustein</w>
                  <pc xml:id="d3e279">,</pc>
                  <seg xml:id="d3e281" type="ws" xml:space="preserve"> </seg>
                  <w xml:id="d3e284">der</w>
                  <seg xml:id="d3e286" type="ws" xml:space="preserve"> </seg>
                  <w xml:id="d3e288">tokenisiert</w>
                  <seg xml:id="d3e290" type="ws" xml:space="preserve"> </seg>
                  <w xml:id="d3e292">werden</w>
                  <seg xml:id="d3e294" type="ws" xml:space="preserve"> </seg>
                  <w xml:id="d3e296">soll</w>
                  <pc xml:id="d3e298">.</pc>
               </p>
            </figure>
            <w xml:id="d3e300" part="F" prev="#d3e257">fik</w>
            <seg xml:id="d3e302" type="ws" xml:space="preserve"> </seg>
            <w xml:id="d3e305">unterbrochen</w>
            <seg xml:id="d3e307" type="ws" xml:space="preserve"> </seg>
            <w xml:id="d3e309">wird</w>
            <pc xml:id="d3e311">.</pc>
         </p>
         <p>
            <w xml:id="d3e314">Fußnoten</w>
            <seg xml:id="d3e316" type="ws" xml:space="preserve"> </seg>
            <w xml:id="d3e318">sind</w>
            <seg xml:id="d3e320" type="ws" xml:space="preserve"> </seg>
            <w xml:id="d3e322">gemein</w>
            <seg xml:id="d3e324" type="ws" xml:space="preserve"> </seg>
            <w xml:id="d3e326">und</w>
            <seg xml:id="d3e328" type="ws" xml:space="preserve"> </seg>
            <w xml:id="d3e330">sollen</w>
            <seg xml:id="d3e332" type="ws" xml:space="preserve"> </seg>
            <w xml:id="d3e334">nicht</w>
            <note place="below">Wirklich nicht!!</note>
            <seg xml:id="d3e339" type="ws" xml:space="preserve"> </seg>
            <w xml:id="d3e341">tokenisiert</w>
            <seg xml:id="d3e343" type="ws" xml:space="preserve"> </seg>
            <w xml:id="d3e345" part="I" next="#d3e348">w</w>
            <hi>
               <w xml:id="d3e348" part="M" prev="#d3e345" next="#d3e350">er</w>
            </hi>
            <w xml:id="d3e350" part="F" prev="#d3e348">den</w>
            <pc xml:id="d3e352">.</pc>
         </p>
      </body>
   </text>
</TEI>
